<?xml version="1.0" encoding="utf-8"?><testsuites name="pytest tests"><testsuite name="pytest" errors="0" failures="0" skipped="0" tests="17" time="0.202" timestamp="2026-03-04T14:27:47.882028-08:00" hostname="MLK-SCS-JMJ75PQRH9"><testcase classname="tests.test_main.TestAdd" name="test_add_positive_integers" time="0.006" /><testcase classname="tests.test_main.TestAdd" name="test_add_negative_numbers" time="0.005" /><testcase classname="tests.test_main.TestAdd" name="test_add_floats" time="0.004" /><testcase classname="tests.test_main.TestAdd" name="test_add_zero" time="0.004" /><testcase classname="tests.test_main.TestComputePassRate" name="test_all_pass" time="0.004" /><testcase classname="tests.test_main.TestComputePassRate" name="test_none_pass" time="0.004" /><testcase classname="tests.test_main.TestComputePassRate" name="test_partial_pass" time="0.004" /><testcase classname="tests.test_main.TestComputePassRate" name="test_zero_total_returns_zero" time="0.004" /><testcase classname="tests.test_main.TestComputePassRate" name="test_rounding" time="0.003" /><testcase classname="tests.test_main.TestClassifyBuild" name="test_green_at_100" time="0.003" /><testcase classname="tests.test_main.TestClassifyBuild" name="test_green_at_90" time="0.003" /><testcase classname="tests.test_main.TestClassifyBuild" name="test_yellow_at_80" time="0.004" /><testcase classname="tests.test_main.TestClassifyBuild" name="test_yellow_at_70" time="0.004" /><testcase classname="tests.test_main.TestClassifyBuild" name="test_red_below_70" time="0.003" /><testcase classname="tests.test_main.TestClassifyBuild" name="test_red_at_zero" time="0.003" /><testcase classname="tests.test_main.TestSummariseTelemetry" name="test_summary_contains_pass_rate" time="0.003" /><testcase classname="tests.test_main.TestSummariseTelemetry" name="test_summary_with_empty_dict" time="0.003" /></testsuite></testsuites>